<?xml version="1.0" encoding="UTF-8"?>
<testsuite xmlns:xsi="http://www.w3.org/2001/XMLSchema-instance" xsi:noNamespaceSchemaLocation="https://maven.apache.org/surefire/maven-surefire-plugin/xsd/surefire-test-report.xsd" name="com.qa.service.repository.RecipeDBRepositoryTest" time="0.097" tests="4" errors="0" skipped="0" failures="4">
  <properties>
[...]
</properties>
  <testcase name="testCreateRecipe" classname="com.qa.service.repository.RecipeDBRepositoryTest" time="0.043">
    <failure message="expected:&lt;{&quot;message&quot;: &quot;[movi]e has been sucessful...&gt; but was:&lt;{&quot;message&quot;: &quot;[recip]e has been sucessful...&gt;" type="org.junit.ComparisonFailure"><![CDATA[org.junit.ComparisonFailure: expected:<{"message": "[movi]e has been sucessful...> but was:<{"message": "[recip]e has been sucessful...>
	at com.qa.service.repository.RecipeDBRepositoryTest.testCreateRecipe(RecipeDBRepositoryTest.java:70)
]]></failure>
  </testcase>
  <testcase name="testDeleteRecipe" classname="com.qa.service.repository.RecipeDBRepositoryTest" time="0.003">
    <failure message="expected:&lt;{&quot;message&quot;: &quot;[movi]e sucessfully delete...&gt; but was:&lt;{&quot;message&quot;: &quot;[recip]e sucessfully delete...&gt;" type="org.junit.ComparisonFailure"><![CDATA[org.junit.ComparisonFailure: expected:<{"message": "[movi]e sucessfully delete...> but was:<{"message": "[recip]e sucessfully delete...>
	at com.qa.service.repository.RecipeDBRepositoryTest.testDeleteRecipe(RecipeDBRepositoryTest.java:75)
]]></failure>
  </testcase>
  <testcase name="testGetAllMovies" classname="com.qa.service.repository.RecipeDBRepositoryTest" time="0.004">
    <failure message="expected:&lt;...owner&quot;:&quot;Chester&quot;,&quot;de[]cription&quot;:&quot;Plain pas...&gt; but was:&lt;...owner&quot;:&quot;Chester&quot;,&quot;de[s]cription&quot;:&quot;Plain pas...&gt;" type="org.junit.ComparisonFailure"><![CDATA[org.junit.ComparisonFailure: expected:<...owner":"Chester","de[]cription":"Plain pas...> but was:<...owner":"Chester","de[s]cription":"Plain pas...>
	at com.qa.service.repository.RecipeDBRepositoryTest.testGetAllMovies(RecipeDBRepositoryTest.java:55)
]]></failure>
    <system-out><![CDATA[[{"name":"Pasta","owner":"Chester","description":"Plain pasta"}]
]]></system-out>
  </testcase>
  <testcase name="testCycleRecipes" classname="com.qa.service.repository.RecipeDBRepositoryTest" time="0.044">
    <failure message="expected:&lt;1&gt; but was:&lt;0&gt;" type="java.lang.AssertionError"><![CDATA[java.lang.AssertionError: expected:<1> but was:<0>
	at com.qa.service.repository.RecipeDBRepositoryTest.testCycleRecipes(RecipeDBRepositoryTest.java:65)
]]></failure>
  </testcase>
</testsuite>